-------------------------------------------------------------------------------
Test set: CucumberOption.TestNGRunner
-------------------------------------------------------------------------------
Tests run: 3, Failures: 1, Errors: 0, Skipped: 0, Time elapsed: 18.314 s <<< FAILURE! - in CucumberOption.TestNGRunner
CucumberOption.TestNGRunner.runScenario["Search Experience in the both Home and Deals", "Search the Product on the Home page and PlaceOrder"](1)  Time elapsed: 11.673 s  <<< FAILURE!
java.lang.AssertionError: expected [No data] but found [Beetroot]

