<?xml version="1.0" encoding="UTF-8"?>
<!-- Generated by org.testng.reporters.JUnitReportReporter -->
<testsuite hostname="Jeevan_Ramaiah" failures="1" tests="3" name="CucumberOption.TestNGRunner" time="43.316" errors="0" timestamp="2025-02-28T18:19:03 IST" skipped="0">
  <testcase classname="CucumberOption.TestNGRunner" name="runScenario" time="11.658">
    <failure message="expected [No data] but found [Beetroot]" type="java.lang.AssertionError">
      <![CDATA[java.lang.AssertionError: expected [No data] but found [Beetroot]
at org.testng.Assert.fail(Assert.java:111)
at org.testng.Assert.failNotEquals(Assert.java:1578)
at org.testng.Assert.assertEqualsImpl(Assert.java:150)
at org.testng.Assert.assertEquals(Assert.java:132)
at org.testng.Assert.assertEquals(Assert.java:656)
at org.testng.Assert.assertEquals(Assert.java:666)
at StepDefinitions.dealsPage.Validate_productname_in_offers_page_matches_with_Home_page(dealsPage.java:46)
at âœ½.Validate productname in offers page matches with Home page(file:///C:/Users/jeeva/eclipse-workspace/CucumberTestNGRunnerAi/src/test/java/Features/SearchProduct.feature:10)
]]>
    </failure>
  </testcase> <!-- runScenario -->
  <testcase classname="CucumberOption.TestNGRunner" name="runScenario" time="16.772"/>
  <testcase classname="CucumberOption.TestNGRunner" name="runScenario" time="14.886"/>
</testsuite> <!-- CucumberOption.TestNGRunner -->
